TN:
SF:/Users/ens/pwd/uxcore/uxcore-form-field/src/index.js
FN:15,_interopRequireDefault
FNF:1
FNH:1
FNDA:2,_interopRequireDefault
DA:3,1
DA:7,1
DA:9,1
DA:11,1
DA:13,1
DA:15,2
DA:25,1
DA:27,1
DA:28,1
LF:9
LH:9
BRDA:15,1,0,0
BRDA:15,1,1,2
BRDA:15,2,0,2
BRDA:15,2,1,2
BRF:4
BRH:3
end_of_record
TN:
SF:/Users/ens/pwd/uxcore/uxcore-form-field/src/FormField.jsx
FN:7,(anonymous_1)
FN:9,(anonymous_2)
FN:9,(anonymous_3)
FN:43,_interopRequireDefault
FN:45,_defaults
FN:47,_defineProperty
FN:49,_classCallCheck
FN:51,_possibleConstructorReturn
FN:53,_inherits
FN:56,(anonymous_10)
FN:59,FormField
FN:73,componentDidMount
FN:84,componentWillReceiveProps
FN:91,componentWillUnmount
FN:98,getSize
FN:103,getProps
FN:107,getLabelNode
FN:111,getTipsNode
FN:115,getRequiredNode
FN:119,getErrorNode
FN:123,getFieldCore
FN:127,getName
FN:131,getValue
FN:135,setValue
FN:149,(anonymous_25)
FN:156,saveRef
FN:158,(anonymous_27)
FN:175,handleDataChange
FN:182,(anonymous_29)
FN:205,doValidate
FN:227,(anonymous_31)
FN:228,(anonymous_32)
FN:236,(anonymous_33)
FN:260,isDirty
FN:291,(anonymous_35)
FN:296,addSpecificClass
FN:304,formatValue
FN:308,getDataProps
FN:312,(anonymous_39)
FN:320,getDom
FN:324,renderTips
FN:357,renderField
FN:359,renderErrorMsg
FN:388,renderLabel
FN:424,renderContent
FN:508,render
FN:529,ref
FNF:47
FNH:46
FNDA:44,(anonymous_1)
FNDA:0,(anonymous_2)
FNDA:5,(anonymous_3)
FNDA:8,_interopRequireDefault
FNDA:1,_defaults
FNDA:352,_defineProperty
FNDA:28,_classCallCheck
FNDA:28,_possibleConstructorReturn
FNDA:1,_inherits
FNDA:1,(anonymous_10)
FNDA:28,FormField
FNDA:28,componentDidMount
FNDA:4,componentWillReceiveProps
FNDA:22,componentWillUnmount
FNDA:44,getSize
FNDA:1,getProps
FNDA:2,getLabelNode
FNDA:2,getTipsNode
FNDA:1,getRequiredNode
FNDA:12,getErrorNode
FNDA:1,getFieldCore
FNDA:36,getName
FNDA:2,getValue
FNDA:9,setValue
FNDA:9,(anonymous_25)
FNDA:141,saveRef
FNDA:262,(anonymous_27)
FNDA:9,handleDataChange
FNDA:9,(anonymous_29)
FNDA:9,doValidate
FNDA:2,(anonymous_31)
FNDA:1,(anonymous_32)
FNDA:1,(anonymous_33)
FNDA:7,isDirty
FNDA:2,(anonymous_35)
FNDA:37,addSpecificClass
FNDA:39,formatValue
FNDA:44,getDataProps
FNDA:1036,(anonymous_39)
FNDA:1,getDom
FNDA:45,renderTips
FNDA:37,renderField
FNDA:45,renderErrorMsg
FNDA:44,renderLabel
FNDA:44,renderContent
FNDA:44,render
FNDA:82,ref
DA:3,1
DA:7,44
DA:9,5
DA:11,1
DA:13,1
DA:15,1
DA:17,1
DA:19,1
DA:21,1
DA:23,1
DA:25,1
DA:27,1
DA:29,1
DA:31,1
DA:33,1
DA:35,1
DA:37,1
DA:39,1
DA:41,1
DA:43,8
DA:45,5
DA:47,352
DA:49,28
DA:51,28
DA:53,1
DA:56,1
DA:57,1
DA:59,1
DA:60,28
DA:62,28
DA:64,28
DA:70,28
DA:73,1
DA:74,28
DA:75,28
DA:76,18
DA:77,18
DA:84,1
DA:85,4
DA:86,4
DA:87,3
DA:91,1
DA:92,22
DA:93,22
DA:94,18
DA:98,1
DA:99,44
DA:100,44
DA:103,1
DA:104,1
DA:107,1
DA:108,2
DA:111,1
DA:112,2
DA:115,1
DA:116,1
DA:119,1
DA:120,12
DA:123,1
DA:124,1
DA:127,1
DA:128,36
DA:131,1
DA:132,2
DA:135,1
DA:136,9
DA:137,9
DA:146,9
DA:147,0
DA:149,9
DA:150,9
DA:151,9
DA:156,1
DA:157,141
DA:158,141
DA:159,262
DA:175,1
DA:176,9
DA:177,9
DA:181,9
DA:182,9
DA:183,9
DA:185,9
DA:186,5
DA:187,5
DA:188,3
DA:191,9
DA:192,8
DA:205,1
DA:206,9
DA:207,9
DA:208,9
DA:209,9
DA:210,4
DA:212,5
DA:217,9
DA:218,8
DA:219,7
DA:220,5
DA:221,5
DA:225,5
DA:227,2
DA:228,2
DA:229,1
DA:230,1
DA:234,1
DA:237,1
DA:238,0
DA:240,1
DA:243,1
DA:248,1
DA:250,1
DA:260,1
DA:261,7
DA:263,7
DA:264,7
DA:265,7
DA:266,7
DA:267,7
DA:268,5
DA:269,1
DA:270,1
DA:271,4
DA:272,4
DA:273,7
DA:274,7
DA:275,3
DA:276,3
DA:280,5
DA:285,2
DA:286,0
DA:287,0
DA:291,2
DA:292,2
DA:296,1
DA:297,37
DA:304,1
DA:305,39
DA:308,1
DA:309,44
DA:311,44
DA:312,44
DA:313,1036
DA:314,1
DA:317,44
DA:320,1
DA:321,1
DA:324,1
DA:325,45
DA:326,45
DA:327,45
DA:328,44
DA:329,1
DA:339,43
DA:340,4
DA:350,39
DA:357,1
DA:359,1
DA:360,45
DA:361,45
DA:362,45
DA:363,44
DA:364,1
DA:374,43
DA:375,5
DA:385,38
DA:388,1
DA:389,44
DA:390,44
DA:392,44
DA:393,44
DA:394,44
DA:396,44
DA:397,43
DA:421,1
DA:424,1
DA:425,44
DA:426,44
DA:427,44
DA:428,44
DA:430,44
DA:431,1
DA:432,1
DA:433,1
DA:483,43
DA:508,1
DA:509,44
DA:512,44
DA:513,44
DA:514,44
DA:515,44
DA:516,44
DA:517,44
DA:518,44
DA:519,32
DA:521,44
DA:522,44
DA:530,82
DA:537,1
DA:540,1
DA:569,1
DA:585,1
DA:587,1
DA:588,1
LF:204
LH:200
BRDA:7,1,0,1
BRDA:7,1,1,1
BRDA:7,2,0,1
BRDA:7,2,1,0
BRDA:9,3,0,0
BRDA:9,3,1,1
BRDA:9,4,0,1
BRDA:9,4,1,0
BRDA:9,5,0,0
BRDA:9,5,1,5
BRDA:9,6,0,5
BRDA:9,6,1,5
BRDA:9,6,2,0
BRDA:9,6,3,0
BRDA:43,7,0,0
BRDA:43,7,1,8
BRDA:43,8,0,8
BRDA:43,8,1,8
BRDA:45,9,0,0
BRDA:45,9,1,5
BRDA:45,10,0,5
BRDA:45,10,1,5
BRDA:45,10,2,0
BRDA:47,11,0,0
BRDA:47,11,1,352
BRDA:49,12,0,0
BRDA:49,12,1,28
BRDA:51,13,0,0
BRDA:51,13,1,28
BRDA:51,14,0,0
BRDA:51,14,1,28
BRDA:51,15,0,28
BRDA:51,15,1,0
BRDA:51,15,2,0
BRDA:53,16,0,0
BRDA:53,16,1,1
BRDA:53,17,0,1
BRDA:53,17,1,0
BRDA:53,18,0,1
BRDA:53,18,1,1
BRDA:53,19,0,1
BRDA:53,19,1,0
BRDA:53,20,0,0
BRDA:53,20,1,1
BRDA:75,21,0,18
BRDA:75,21,1,10
BRDA:86,22,0,3
BRDA:86,22,1,1
BRDA:93,23,0,18
BRDA:93,23,1,4
BRDA:100,24,0,44
BRDA:100,24,1,44
BRDA:146,25,0,0
BRDA:146,25,1,9
BRDA:146,26,0,9
BRDA:146,26,1,3
BRDA:150,27,0,9
BRDA:150,27,1,0
BRDA:150,28,0,9
BRDA:150,28,1,9
BRDA:181,29,0,1
BRDA:181,29,1,8
BRDA:185,30,0,5
BRDA:185,30,1,4
BRDA:185,31,0,9
BRDA:185,31,1,6
BRDA:185,31,2,5
BRDA:187,32,0,3
BRDA:187,32,1,2
BRDA:191,33,0,8
BRDA:191,33,1,1
BRDA:207,34,0,9
BRDA:207,34,1,7
BRDA:209,35,0,4
BRDA:209,35,1,5
BRDA:217,36,0,8
BRDA:217,36,1,1
BRDA:217,37,0,9
BRDA:217,37,1,6
BRDA:217,37,2,6
BRDA:218,38,0,7
BRDA:218,38,1,1
BRDA:219,39,0,5
BRDA:219,39,1,2
BRDA:229,40,0,1
BRDA:229,40,1,0
BRDA:237,41,0,0
BRDA:237,41,1,1
BRDA:237,42,0,1
BRDA:237,42,1,0
BRDA:237,43,0,1
BRDA:237,43,1,0
BRDA:261,44,0,2
BRDA:261,44,1,5
BRDA:261,45,0,7
BRDA:261,45,1,2
BRDA:267,46,0,5
BRDA:267,46,1,2
BRDA:268,47,0,1
BRDA:268,47,1,4
BRDA:268,48,0,5
BRDA:268,48,1,5
BRDA:268,49,0,0
BRDA:268,49,1,5
BRDA:269,50,0,1
BRDA:269,50,1,0
BRDA:271,51,0,4
BRDA:271,51,1,0
BRDA:273,52,0,4
BRDA:273,52,1,3
BRDA:274,53,0,3
BRDA:274,53,1,4
BRDA:285,54,0,0
BRDA:285,54,1,2
BRDA:313,55,0,1
BRDA:313,55,1,1035
BRDA:326,56,0,45
BRDA:326,56,1,45
BRDA:327,57,0,1
BRDA:327,57,1,44
BRDA:328,58,0,1
BRDA:328,58,1,43
BRDA:328,59,0,44
BRDA:328,59,1,11
BRDA:328,59,2,2
BRDA:339,60,0,4
BRDA:339,60,1,39
BRDA:339,61,0,43
BRDA:339,61,1,4
BRDA:361,62,0,45
BRDA:361,62,1,45
BRDA:362,63,0,1
BRDA:362,63,1,44
BRDA:363,64,0,1
BRDA:363,64,1,43
BRDA:363,65,0,44
BRDA:363,65,1,11
BRDA:363,65,2,2
BRDA:374,66,0,5
BRDA:374,66,1,38
BRDA:390,67,0,44
BRDA:390,67,1,44
BRDA:393,68,0,44
BRDA:393,68,1,0
BRDA:396,69,0,43
BRDA:396,69,1,1
BRDA:404,70,0,43
BRDA:404,70,1,1
BRDA:410,71,0,1
BRDA:410,71,1,42
BRDA:410,72,0,43
BRDA:410,72,1,1
BRDA:426,73,0,44
BRDA:426,73,1,44
BRDA:427,74,0,44
BRDA:427,74,1,44
BRDA:430,75,0,1
BRDA:430,75,1,43
BRDA:430,76,0,44
BRDA:430,76,1,1
BRDA:461,77,0,1
BRDA:461,77,1,0
BRDA:461,78,0,1
BRDA:461,78,1,0
BRDA:470,79,0,1
BRDA:470,79,1,0
BRDA:470,80,0,1
BRDA:470,80,1,1
BRDA:514,81,0,44
BRDA:514,81,1,44
BRDA:515,82,0,44
BRDA:515,82,1,44
BRDA:518,83,0,32
BRDA:518,83,1,12
BRDA:525,84,0,0
BRDA:525,84,1,44
BRDA:527,85,0,44
BRDA:527,85,1,0
BRF:178
BRH:143
end_of_record
TN:
SF:/Users/ens/pwd/uxcore/uxcore-form-field/src/createFormField.jsx
FN:7,(anonymous_1)
FN:7,(anonymous_2)
FN:9,(anonymous_3)
FN:31,_interopRequireDefault
FN:33,_defaults
FN:35,_defineProperty
FN:37,_classCallCheck
FN:39,_possibleConstructorReturn
FN:41,_inherits
FN:43,Input
FN:48,onChange
FN:64,processValue
FN:67,renderView
FN:74,createFormField
FN:79,(anonymous_15)
FN:82,CustomFormField
FN:89,addSpecificClass
FN:95,renderField
FN:101,(anonymous_19)
FN:109,(anonymous_20)
FNF:20
FNH:16
FNDA:0,(anonymous_1)
FNDA:0,(anonymous_2)
FNDA:15,(anonymous_3)
FNDA:5,_interopRequireDefault
FNDA:7,_defaults
FNDA:12,_defineProperty
FNDA:6,_classCallCheck
FNDA:6,_possibleConstructorReturn
FNDA:7,_inherits
FNDA:2,Input
FNDA:0,onChange
FNDA:1,processValue
FNDA:0,renderView
FNDA:7,createFormField
FNDA:7,(anonymous_15)
FNDA:6,CustomFormField
FNDA:7,addSpecificClass
FNDA:7,renderField
FNDA:196,(anonymous_19)
FNDA:1,(anonymous_20)
DA:3,1
DA:7,1
DA:9,114
DA:11,1
DA:13,1
DA:15,1
DA:17,1
DA:19,1
DA:21,1
DA:23,1
DA:25,1
DA:27,1
DA:29,1
DA:31,5
DA:33,63
DA:35,12
DA:37,6
DA:39,6
DA:41,7
DA:43,1
DA:44,2
DA:49,0
DA:54,1
DA:59,1
DA:65,1
DA:68,0
DA:72,1
DA:74,1
DA:75,7
DA:77,7
DA:79,7
DA:80,7
DA:82,1
DA:83,6
DA:85,6
DA:89,7
DA:90,7
DA:95,7
DA:96,7
DA:98,7
DA:99,7
DA:100,7
DA:101,7
DA:102,196
DA:105,7
DA:106,1
DA:109,6
DA:110,1
DA:114,7
DA:117,7
DA:118,7
DA:119,7
DA:120,7
DA:123,1
DA:124,1
LF:55
LH:53
BRDA:7,1,0,0
BRDA:7,1,1,1
BRDA:7,2,0,1
BRDA:7,2,1,0
BRDA:7,3,0,0
BRDA:7,3,1,0
BRDA:7,4,0,0
BRDA:7,4,1,0
BRDA:7,4,2,0
BRDA:7,4,3,0
BRDA:9,5,0,1
BRDA:9,5,1,1
BRDA:9,6,0,114
BRDA:9,6,1,0
BRDA:31,7,0,0
BRDA:31,7,1,5
BRDA:31,8,0,5
BRDA:31,8,1,5
BRDA:33,9,0,28
BRDA:33,9,1,35
BRDA:33,10,0,63
BRDA:33,10,1,63
BRDA:33,10,2,28
BRDA:35,11,0,0
BRDA:35,11,1,12
BRDA:37,12,0,0
BRDA:37,12,1,6
BRDA:39,13,0,0
BRDA:39,13,1,6
BRDA:39,14,0,6
BRDA:39,14,1,0
BRDA:39,15,0,6
BRDA:39,15,1,6
BRDA:39,15,2,0
BRDA:41,16,0,0
BRDA:41,16,1,7
BRDA:41,17,0,7
BRDA:41,17,1,0
BRDA:41,18,0,7
BRDA:41,18,1,7
BRDA:41,19,0,7
BRDA:41,19,1,0
BRDA:41,20,0,0
BRDA:41,20,1,7
BRDA:68,21,0,0
BRDA:68,21,1,0
BRDA:68,22,0,0
BRDA:68,22,1,0
BRDA:75,23,0,5
BRDA:75,23,1,2
BRDA:75,24,0,7
BRDA:75,24,1,5
BRDA:90,25,0,7
BRDA:90,25,1,7
BRDA:99,26,0,7
BRDA:99,26,1,7
BRDA:105,27,0,1
BRDA:105,27,1,6
BRF:58
BRH:35
end_of_record
