TN:
SF:/Users/ens/pwd/uxcore/uxcore-form-field/src/index.js
FN:15,_interopRequireDefault
FNF:1
FNH:1
FNDA:2,_interopRequireDefault
DA:3,1
DA:7,1
DA:9,1
DA:11,1
DA:13,1
DA:15,2
DA:25,1
DA:27,1
DA:28,1
LF:9
LH:9
BRDA:15,1,0,0
BRDA:15,1,1,2
BRDA:15,2,0,2
BRDA:15,2,1,2
BRF:4
BRH:3
end_of_record
TN:
SF:/Users/ens/pwd/uxcore/uxcore-form-field/src/FormField.jsx
FN:7,(anonymous_1)
FN:9,(anonymous_2)
FN:9,(anonymous_3)
FN:43,_interopRequireDefault
FN:45,_defaults
FN:47,_defineProperty
FN:49,_classCallCheck
FN:51,_possibleConstructorReturn
FN:53,_inherits
FN:56,(anonymous_10)
FN:59,FormField
FN:73,componentDidMount
FN:84,componentWillReceiveProps
FN:91,componentWillUnmount
FN:98,getGridLayoutPercent
FN:105,getSize
FN:110,getProps
FN:114,getLabelContentNode
FN:118,getLabelNode
FN:122,getTipsNode
FN:126,getRequiredNode
FN:130,getErrorNode
FN:134,getFieldCore
FN:138,getName
FN:142,getValue
FN:146,setValue
FN:160,(anonymous_27)
FN:167,getDataProps
FN:171,(anonymous_29)
FN:179,getDom
FN:195,handleDataChange
FN:202,(anonymous_32)
FN:225,doValidate
FN:247,(anonymous_34)
FN:248,(anonymous_35)
FN:256,(anonymous_36)
FN:280,isDirty
FN:311,(anonymous_38)
FN:316,isMessageError
FN:324,addSpecificClass
FN:332,formatValue
FN:336,saveRef
FN:338,(anonymous_43)
FN:343,shouldLayoutAsGrid
FN:350,renderTips
FN:383,renderField
FN:385,renderErrorMsg
FN:414,renderLabelContent
FN:430,renderLabel
FN:468,renderContent
FN:561,render
FN:582,ref
FNF:52
FNH:50
FNDA:48,(anonymous_1)
FNDA:0,(anonymous_2)
FNDA:5,(anonymous_3)
FNDA:8,_interopRequireDefault
FNDA:1,_defaults
FNDA:384,_defineProperty
FNDA:31,_classCallCheck
FNDA:31,_possibleConstructorReturn
FNDA:1,_inherits
FNDA:1,(anonymous_10)
FNDA:31,FormField
FNDA:31,componentDidMount
FNDA:5,componentWillReceiveProps
FNDA:24,componentWillUnmount
FNDA:0,getGridLayoutPercent
FNDA:48,getSize
FNDA:1,getProps
FNDA:3,getLabelContentNode
FNDA:1,getLabelNode
FNDA:2,getTipsNode
FNDA:1,getRequiredNode
FNDA:12,getErrorNode
FNDA:1,getFieldCore
FNDA:40,getName
FNDA:2,getValue
FNDA:11,setValue
FNDA:11,(anonymous_27)
FNDA:48,getDataProps
FNDA:1119,(anonymous_29)
FNDA:1,getDom
FNDA:11,handleDataChange
FNDA:11,(anonymous_32)
FNDA:9,doValidate
FNDA:2,(anonymous_34)
FNDA:1,(anonymous_35)
FNDA:1,(anonymous_36)
FNDA:7,isDirty
FNDA:2,(anonymous_38)
FNDA:91,isMessageError
FNDA:41,addSpecificClass
FNDA:44,formatValue
FNDA:200,saveRef
FNDA:369,(anonymous_43)
FNDA:97,shouldLayoutAsGrid
FNDA:49,renderTips
FNDA:41,renderField
FNDA:49,renderErrorMsg
FNDA:47,renderLabelContent
FNDA:48,renderLabel
FNDA:48,renderContent
FNDA:48,render
FNDA:89,ref
DA:3,1
DA:7,48
DA:9,5
DA:11,1
DA:13,1
DA:15,1
DA:17,1
DA:19,1
DA:21,1
DA:23,1
DA:25,1
DA:27,1
DA:29,1
DA:31,1
DA:33,1
DA:35,1
DA:37,1
DA:39,1
DA:41,1
DA:43,8
DA:45,5
DA:47,384
DA:49,31
DA:51,31
DA:53,1
DA:56,1
DA:57,1
DA:59,1
DA:60,31
DA:62,31
DA:64,31
DA:70,31
DA:73,1
DA:74,31
DA:75,31
DA:76,20
DA:77,20
DA:84,1
DA:85,5
DA:86,5
DA:87,5
DA:91,1
DA:92,24
DA:93,24
DA:94,20
DA:98,1
DA:99,0
DA:100,0
DA:101,0
DA:102,0
DA:105,1
DA:106,48
DA:107,48
DA:110,1
DA:111,1
DA:114,1
DA:115,3
DA:118,1
DA:119,1
DA:122,1
DA:123,2
DA:126,1
DA:127,1
DA:130,1
DA:131,12
DA:134,1
DA:135,1
DA:138,1
DA:139,40
DA:142,1
DA:143,2
DA:146,1
DA:147,11
DA:148,11
DA:157,11
DA:158,0
DA:160,11
DA:161,11
DA:162,11
DA:167,1
DA:168,48
DA:170,48
DA:171,48
DA:172,1119
DA:173,1
DA:176,48
DA:179,1
DA:180,1
DA:195,1
DA:196,11
DA:197,11
DA:201,11
DA:202,11
DA:203,11
DA:205,11
DA:206,5
DA:207,5
DA:208,3
DA:211,11
DA:212,10
DA:225,1
DA:226,9
DA:227,9
DA:228,9
DA:229,9
DA:230,4
DA:232,5
DA:237,9
DA:238,8
DA:239,7
DA:240,5
DA:241,5
DA:245,5
DA:247,2
DA:248,2
DA:249,1
DA:250,1
DA:254,1
DA:257,1
DA:258,0
DA:260,1
DA:263,1
DA:268,1
DA:270,1
DA:280,1
DA:281,7
DA:283,7
DA:284,7
DA:285,7
DA:286,7
DA:287,7
DA:288,5
DA:289,1
DA:290,1
DA:291,4
DA:292,4
DA:293,7
DA:294,7
DA:295,3
DA:296,3
DA:300,5
DA:305,2
DA:306,0
DA:307,0
DA:311,2
DA:312,2
DA:316,1
DA:317,91
DA:321,91
DA:324,1
DA:325,41
DA:332,1
DA:333,44
DA:336,1
DA:337,200
DA:338,200
DA:339,369
DA:343,1
DA:344,97
DA:345,97
DA:346,97
DA:347,97
DA:350,1
DA:351,49
DA:352,49
DA:353,49
DA:354,48
DA:355,1
DA:365,47
DA:366,4
DA:376,43
DA:383,1
DA:385,1
DA:386,49
DA:387,49
DA:388,49
DA:389,48
DA:390,1
DA:400,47
DA:401,5
DA:411,42
DA:414,1
DA:415,47
DA:416,47
DA:420,47
DA:421,1
DA:423,46
DA:427,47
DA:430,1
DA:431,48
DA:432,48
DA:434,48
DA:435,48
DA:436,48
DA:438,48
DA:441,48
DA:442,0
DA:444,48
DA:445,47
DA:465,1
DA:468,1
DA:469,48
DA:470,48
DA:471,48
DA:472,48
DA:474,48
DA:477,48
DA:478,1
DA:479,1
DA:480,1
DA:535,47
DA:561,1
DA:562,48
DA:565,48
DA:566,48
DA:567,48
DA:568,48
DA:569,48
DA:570,48
DA:571,48
DA:572,34
DA:574,48
DA:575,48
DA:583,89
DA:590,1
DA:593,1
DA:625,1
DA:641,1
DA:643,1
DA:644,1
LF:230
LH:221
BRDA:7,1,0,1
BRDA:7,1,1,1
BRDA:7,2,0,1
BRDA:7,2,1,0
BRDA:9,3,0,0
BRDA:9,3,1,1
BRDA:9,4,0,1
BRDA:9,4,1,0
BRDA:9,5,0,0
BRDA:9,5,1,5
BRDA:9,6,0,5
BRDA:9,6,1,5
BRDA:9,6,2,0
BRDA:9,6,3,0
BRDA:43,7,0,0
BRDA:43,7,1,8
BRDA:43,8,0,8
BRDA:43,8,1,8
BRDA:45,9,0,0
BRDA:45,9,1,5
BRDA:45,10,0,5
BRDA:45,10,1,5
BRDA:45,10,2,0
BRDA:47,11,0,0
BRDA:47,11,1,384
BRDA:49,12,0,0
BRDA:49,12,1,31
BRDA:51,13,0,0
BRDA:51,13,1,31
BRDA:51,14,0,0
BRDA:51,14,1,31
BRDA:51,15,0,31
BRDA:51,15,1,0
BRDA:51,15,2,0
BRDA:53,16,0,0
BRDA:53,16,1,1
BRDA:53,17,0,1
BRDA:53,17,1,0
BRDA:53,18,0,1
BRDA:53,18,1,1
BRDA:53,19,0,1
BRDA:53,19,1,0
BRDA:53,20,0,0
BRDA:53,20,1,1
BRDA:75,21,0,20
BRDA:75,21,1,11
BRDA:86,22,0,5
BRDA:86,22,1,0
BRDA:93,23,0,20
BRDA:93,23,1,4
BRDA:100,24,0,0
BRDA:100,24,1,0
BRDA:101,25,0,0
BRDA:101,25,1,0
BRDA:101,26,0,0
BRDA:101,26,1,0
BRDA:107,27,0,48
BRDA:107,27,1,48
BRDA:157,28,0,0
BRDA:157,28,1,11
BRDA:157,29,0,11
BRDA:157,29,1,5
BRDA:161,30,0,11
BRDA:161,30,1,0
BRDA:161,31,0,11
BRDA:161,31,1,11
BRDA:172,32,0,1
BRDA:172,32,1,1118
BRDA:201,33,0,1
BRDA:201,33,1,10
BRDA:205,34,0,5
BRDA:205,34,1,6
BRDA:205,35,0,11
BRDA:205,35,1,6
BRDA:205,35,2,5
BRDA:207,36,0,3
BRDA:207,36,1,2
BRDA:211,37,0,10
BRDA:211,37,1,1
BRDA:227,38,0,9
BRDA:227,38,1,7
BRDA:229,39,0,4
BRDA:229,39,1,5
BRDA:237,40,0,8
BRDA:237,40,1,1
BRDA:237,41,0,9
BRDA:237,41,1,6
BRDA:237,41,2,6
BRDA:238,42,0,7
BRDA:238,42,1,1
BRDA:239,43,0,5
BRDA:239,43,1,2
BRDA:249,44,0,1
BRDA:249,44,1,0
BRDA:257,45,0,0
BRDA:257,45,1,1
BRDA:257,46,0,1
BRDA:257,46,1,0
BRDA:257,47,0,1
BRDA:257,47,1,0
BRDA:281,48,0,2
BRDA:281,48,1,5
BRDA:281,49,0,7
BRDA:281,49,1,2
BRDA:287,50,0,5
BRDA:287,50,1,2
BRDA:288,51,0,1
BRDA:288,51,1,4
BRDA:288,52,0,5
BRDA:288,52,1,5
BRDA:288,53,0,0
BRDA:288,53,1,5
BRDA:289,54,0,1
BRDA:289,54,1,0
BRDA:291,55,0,4
BRDA:291,55,1,0
BRDA:293,56,0,4
BRDA:293,56,1,3
BRDA:294,57,0,3
BRDA:294,57,1,4
BRDA:305,58,0,0
BRDA:305,58,1,2
BRDA:321,59,0,91
BRDA:321,59,1,27
BRDA:321,59,2,4
BRDA:345,60,0,97
BRDA:345,60,1,97
BRDA:346,61,0,97
BRDA:346,61,1,97
BRDA:347,62,0,97
BRDA:347,62,1,97
BRDA:352,63,0,49
BRDA:352,63,1,49
BRDA:353,64,0,1
BRDA:353,64,1,48
BRDA:354,65,0,1
BRDA:354,65,1,47
BRDA:354,66,0,48
BRDA:354,66,1,13
BRDA:354,66,2,2
BRDA:365,67,0,4
BRDA:365,67,1,43
BRDA:365,68,0,47
BRDA:365,68,1,4
BRDA:387,69,0,49
BRDA:387,69,1,49
BRDA:388,70,0,1
BRDA:388,70,1,48
BRDA:389,71,0,1
BRDA:389,71,1,47
BRDA:400,72,0,5
BRDA:400,72,1,42
BRDA:420,73,0,1
BRDA:420,73,1,46
BRDA:432,74,0,48
BRDA:432,74,1,48
BRDA:435,75,0,48
BRDA:435,75,1,0
BRDA:441,76,0,0
BRDA:441,76,1,48
BRDA:444,77,0,47
BRDA:444,77,1,1
BRDA:453,78,0,47
BRDA:453,78,1,1
BRDA:460,79,0,1
BRDA:460,79,1,46
BRDA:460,80,0,47
BRDA:460,80,1,1
BRDA:470,81,0,48
BRDA:470,81,1,48
BRDA:471,82,0,48
BRDA:471,82,1,48
BRDA:475,83,0,0
BRDA:475,83,1,48
BRDA:477,84,0,1
BRDA:477,84,1,47
BRDA:477,85,0,48
BRDA:477,85,1,1
BRDA:496,86,0,1
BRDA:496,86,1,1
BRDA:509,87,0,1
BRDA:509,87,1,0
BRDA:509,88,0,1
BRDA:509,88,1,0
BRDA:519,89,0,1
BRDA:519,89,1,0
BRDA:519,90,0,1
BRDA:519,90,1,1
BRDA:524,91,0,0
BRDA:524,91,1,1
BRDA:543,92,0,47
BRDA:543,92,1,42
BRDA:567,93,0,48
BRDA:567,93,1,48
BRDA:568,94,0,48
BRDA:568,94,1,48
BRDA:571,95,0,34
BRDA:571,95,1,14
BRDA:578,96,0,0
BRDA:578,96,1,48
BRDA:580,97,0,48
BRDA:580,97,1,0
BRF:202
BRH:157
end_of_record
TN:
SF:/Users/ens/pwd/uxcore/uxcore-form-field/src/createFormField.jsx
FN:7,(anonymous_1)
FN:7,(anonymous_2)
FN:9,(anonymous_3)
FN:31,_interopRequireDefault
FN:33,_defaults
FN:35,_defineProperty
FN:37,_classCallCheck
FN:39,_possibleConstructorReturn
FN:41,_inherits
FN:43,Input
FN:48,onChange
FN:64,processValue
FN:67,renderView
FN:74,createFormField
FN:79,(anonymous_15)
FN:82,CustomFormField
FN:89,addSpecificClass
FN:95,renderField
FN:101,(anonymous_19)
FN:109,(anonymous_20)
FNF:20
FNH:16
FNDA:0,(anonymous_1)
FNDA:0,(anonymous_2)
FNDA:15,(anonymous_3)
FNDA:5,_interopRequireDefault
FNDA:7,_defaults
FNDA:12,_defineProperty
FNDA:6,_classCallCheck
FNDA:6,_possibleConstructorReturn
FNDA:7,_inherits
FNDA:2,Input
FNDA:0,onChange
FNDA:1,processValue
FNDA:0,renderView
FNDA:7,createFormField
FNDA:7,(anonymous_15)
FNDA:6,CustomFormField
FNDA:7,addSpecificClass
FNDA:7,renderField
FNDA:217,(anonymous_19)
FNDA:1,(anonymous_20)
DA:3,1
DA:7,1
DA:9,114
DA:11,1
DA:13,1
DA:15,1
DA:17,1
DA:19,1
DA:21,1
DA:23,1
DA:25,1
DA:27,1
DA:29,1
DA:31,5
DA:33,63
DA:35,12
DA:37,6
DA:39,6
DA:41,7
DA:43,1
DA:44,2
DA:49,0
DA:54,1
DA:59,1
DA:65,1
DA:68,0
DA:72,1
DA:74,1
DA:75,7
DA:77,7
DA:79,7
DA:80,7
DA:82,1
DA:83,6
DA:85,6
DA:89,7
DA:90,7
DA:95,7
DA:96,7
DA:98,7
DA:99,7
DA:100,7
DA:101,7
DA:102,217
DA:105,7
DA:106,1
DA:109,6
DA:110,1
DA:114,7
DA:117,7
DA:118,7
DA:119,7
DA:120,7
DA:123,1
DA:124,1
LF:55
LH:53
BRDA:7,1,0,0
BRDA:7,1,1,1
BRDA:7,2,0,1
BRDA:7,2,1,0
BRDA:7,3,0,0
BRDA:7,3,1,0
BRDA:7,4,0,0
BRDA:7,4,1,0
BRDA:7,4,2,0
BRDA:7,4,3,0
BRDA:9,5,0,1
BRDA:9,5,1,1
BRDA:9,6,0,114
BRDA:9,6,1,0
BRDA:31,7,0,0
BRDA:31,7,1,5
BRDA:31,8,0,5
BRDA:31,8,1,5
BRDA:33,9,0,28
BRDA:33,9,1,35
BRDA:33,10,0,63
BRDA:33,10,1,63
BRDA:33,10,2,28
BRDA:35,11,0,0
BRDA:35,11,1,12
BRDA:37,12,0,0
BRDA:37,12,1,6
BRDA:39,13,0,0
BRDA:39,13,1,6
BRDA:39,14,0,6
BRDA:39,14,1,0
BRDA:39,15,0,6
BRDA:39,15,1,6
BRDA:39,15,2,0
BRDA:41,16,0,0
BRDA:41,16,1,7
BRDA:41,17,0,7
BRDA:41,17,1,0
BRDA:41,18,0,7
BRDA:41,18,1,7
BRDA:41,19,0,7
BRDA:41,19,1,0
BRDA:41,20,0,0
BRDA:41,20,1,7
BRDA:68,21,0,0
BRDA:68,21,1,0
BRDA:68,22,0,0
BRDA:68,22,1,0
BRDA:75,23,0,5
BRDA:75,23,1,2
BRDA:75,24,0,7
BRDA:75,24,1,5
BRDA:90,25,0,7
BRDA:90,25,1,7
BRDA:99,26,0,7
BRDA:99,26,1,7
BRDA:105,27,0,1
BRDA:105,27,1,6
BRF:58
BRH:35
end_of_record
